mqttservice/build/intermediates/manifest_merge_blame_file/debug/manifest-merger-blame-debug-report.txt
1<?xml version="1.0" encoding="utf-8"?>
2<manifest xmlns:android="http://schemas.android.com/apk/res/android"
3    xmlns:tools="http://schemas.android.com/tools"
4    package="org.eclipse.paho.android.service" >
5
6    <uses-sdk
7        android:minSdkVersion="9"
7-->src\main\AndroidManifest.xml
8        android:targetSdkVersion="32" />
8-->src\main\AndroidManifest.xml
9
10    <uses-permission android:name="android.permission.ACCESS_NETWORK_STATE" />
10-->src\main\AndroidManifest.xml:5:5-79
10-->src\main\AndroidManifest.xml:5:22-76
11    <uses-permission
11-->src\main\AndroidManifest.xml:6:5-8:37
12        android:name="android.permission.USE_EXACT_ALARM"
12-->src\main\AndroidManifest.xml:7:9-58
13        tools:ignore="ExactAlarm" />
13-->src\main\AndroidManifest.xml:8:9-34
14    <uses-permission android:name="android.permission.SCHEDULE_EXACT_ALARM" />
14-->src\main\AndroidManifest.xml:9:5-79
14-->src\main\AndroidManifest.xml:9:22-76
15
16    <application />
16-->src\main\AndroidManifest.xml:11:5-20
17
18</manifest>